2025-02-22 23:03:31,149 INFO: Access Point startup [in /Users/d_angel/Access_Point_V3/app/__init__.py:25]
2025-02-22 23:03:34,647 INFO: Access Point startup [in /Users/d_angel/Access_Point_V3/app/__init__.py:25]
2025-02-22 23:03:37,097 INFO: Access Point startup [in /Users/d_angel/Access_Point_V3/app/__init__.py:25]
2025-02-22 23:03:39,572 INFO: Access Point startup [in /Users/d_angel/Access_Point_V3/app/__init__.py:25]
2025-02-22 23:03:43,120 INFO: Access Point startup [in /Users/d_angel/Access_Point_V3/app/__init__.py:25]
2025-02-22 23:05:25,383 INFO: Access Point startup [in /Users/d_angel/Access_Point_V3/app/__init__.py:25]
2025-02-22 23:05:29,371 WARNING: Supabase logout failed for user Vincent.dangelo@gilmour.org: 'SUPABASE_ANON_KEY' [in /Users/d_angel/Access_Point_V3/app/routes/auth.py:132]
2025-02-22 23:05:29,371 INFO: User Vincent.dangelo@gilmour.org logged out successfully [in /Users/d_angel/Access_Point_V3/app/routes/auth.py:135]
2025-02-24 14:28:35,588 INFO: Access Point startup [in /Users/d_angel/Access_Point_V3/app/__init__.py:25]
2025-02-24 14:28:35,988 INFO: Access Point startup [in /Users/d_angel/Access_Point_V3/app/__init__.py:25]
2025-02-25 15:31:05,785 INFO: Access Point startup [in /Users/d_angel/Access_Point_V3/app/__init__.py:25]
2025-02-25 15:31:06,286 INFO: Access Point startup [in /Users/d_angel/Access_Point_V3/app/__init__.py:25]
2025-02-26 12:19:00,780 INFO: Access Point startup [in /Users/d_angel/Access_Point_V3/app/__init__.py:25]
2025-02-26 12:19:01,135 INFO: Access Point startup [in /Users/d_angel/Access_Point_V3/app/__init__.py:25]
2025-02-26 12:19:19,706 WARNING: Supabase logout failed for user babywho308@gmail.com: 'SUPABASE_ANON_KEY' [in /Users/d_angel/Access_Point_V3/app/routes/auth.py:132]
2025-02-26 12:19:19,708 INFO: User babywho308@gmail.com logged out successfully [in /Users/d_angel/Access_Point_V3/app/routes/auth.py:135]
2025-02-26 12:19:30,930 ERROR: Login error for user Vincent.dangelo@gilmour.org: Invalid login credentials [in /Users/d_angel/Access_Point_V3/app/routes/auth.py:50]
2025-02-26 12:19:37,744 INFO: User Vincent.dangelo@gilmour.org logged in successfully [in /Users/d_angel/Access_Point_V3/app/routes/auth.py:41]
2025-02-26 12:22:54,746 INFO: Access Point startup [in /Users/d_angel/Access_Point_V3/app/__init__.py:25]
2025-02-26 12:28:22,770 INFO: Access Point startup [in /Users/d_angel/Access_Point_V3/app/__init__.py:25]
2025-02-26 12:28:23,124 INFO: Access Point startup [in /Users/d_angel/Access_Point_V3/app/__init__.py:25]
